<?xml version="1.0" encoding="UTF-8"?>
<testng-results ignored="0" total="1" passed="1" failed="0" skipped="0">
  <reporter-output>
    <line>
      <![CDATA[--Open browser--]]>
    </line>
    <line>
      <![CDATA[--Login To App--]]>
    </line>
    <line>
      <![CDATA[running verify User ID TC2]]>
    </line>
    <line>
      <![CDATA[--logout To App--]]>
    </line>
    <line>
      <![CDATA[--Open browser--]]>
    </line>
  </reporter-output>
  <suite started-at="2022-07-15T00:52:17 IST" name="Default suite" finished-at="2022-07-15T00:52:33 IST" duration-ms="15691">
    <groups>
    </groups>
    <test started-at="2022-07-15T00:52:17 IST" name="Default test" finished-at="2022-07-15T00:52:33 IST" duration-ms="15691">
      <class name="growWebFramework_pom_testng.groww_testTC1">
        <test-method is-config="true" signature="openWebpage()[pri:0, instance:growWebFramework_pom_testng.groww_testTC1@53fdffa1]" started-at="2022-07-15T00:52:17 IST" name="openWebpage" finished-at="2022-07-15T00:52:22 IST" duration-ms="5380" status="PASS">
          <reporter-output>
            <line>
              <![CDATA[--Open browser--]]>
            </line>
          </reporter-output>
        </test-method> <!-- openWebpage -->
        <test-method is-config="true" signature="loginPage()[pri:0, instance:growWebFramework_pom_testng.groww_testTC1@53fdffa1]" started-at="2022-07-15T00:52:22 IST" name="loginPage" finished-at="2022-07-15T00:52:29 IST" duration-ms="7056" status="PASS">
          <reporter-output>
            <line>
              <![CDATA[--Login To App--]]>
            </line>
          </reporter-output>
        </test-method> <!-- loginPage -->
        <test-method signature="SearchBox()[pri:0, instance:growWebFramework_pom_testng.groww_testTC1@53fdffa1]" started-at="2022-07-15T00:52:29 IST" name="SearchBox" finished-at="2022-07-15T00:52:33 IST" duration-ms="3188" status="PASS">
          <reporter-output>
            <line>
              <![CDATA[running verify User ID TC2]]>
            </line>
          </reporter-output>
        </test-method> <!-- SearchBox -->
        <test-method is-config="true" signature="logoutPage(org.testng.ITestResult)[pri:0, instance:growWebFramework_pom_testng.groww_testTC1@53fdffa1]" started-at="2022-07-15T00:52:33 IST" name="logoutPage" finished-at="2022-07-15T00:52:33 IST" duration-ms="5" status="PASS">
          <params>
            <param index="0">
              <value>
                <![CDATA[[TestResult name=SearchBox status=SUCCESS method=groww_testTC1.SearchBox()[pri:0, instance:growWebFramework_pom_testng.groww_testTC1@53fdffa1] output=running verify User ID TC2]]]>
              </value>
            </param>
          </params>
          <reporter-output>
            <line>
              <![CDATA[--logout To App--]]>
            </line>
          </reporter-output>
        </test-method> <!-- logoutPage -->
        <test-method is-config="true" signature="closeBrowser()[pri:0, instance:growWebFramework_pom_testng.groww_testTC1@53fdffa1]" started-at="2022-07-15T00:52:33 IST" name="closeBrowser" finished-at="2022-07-15T00:52:33 IST" duration-ms="0" status="PASS">
          <reporter-output>
            <line>
              <![CDATA[--Open browser--]]>
            </line>
          </reporter-output>
        </test-method> <!-- closeBrowser -->
      </class> <!-- growWebFramework_pom_testng.groww_testTC1 -->
    </test> <!-- Default test -->
  </suite> <!-- Default suite -->
</testng-results>
